
========================================================================
  ShadowStrike CryptoUtils Test Runner
========================================================================


========================================================================
  ShadowStrike  Test Suite
========================================================================

Note: Google Test filter = QuarantineDBTest.SearchByFileNameFindsMatches:SignatureBuilderTest.IsRegexSafeDangerousPatterns:PathIndexTest.SpecialPaths_DriveRoot
[==========] Running 3 tests from 3 test suites.
Running 3798 tests from 3 test suites

[----------] Global test environment set-up.
------------------------------------------------------------------------
Test Suite: QuarantineDBTest
------------------------------------------------------------------------
[ RUN      ] QuarantineDBTest.SearchByFileNameFindsMatches
  [ RUN      ] QuarantineDBTest.SearchByFileNameFindsMatches
C:\ShadowStrike\ShadowStrike\tests\unit\database_systems\Quarantine_db_tests.cpp(444): error: Expected equality of these values:
  results.size()
    Which is: 0
  2

    C:\ShadowStrike\ShadowStrike\tests\unit\database_systems\Quarantine_db_tests.cpp:444
    Expected equality of these values:
  results.size()
    Which is: 0
  2

[  FAILED  ] QuarantineDBTest.SearchByFileNameFindsMatches (300 ms)
  [  FAILED  ] QuarantineDBTest.SearchByFileNameFindsMatches (300709 ?s)

Test Suite Complete: QuarantineDBTest (300 ms)
  Tests: 41 | Passed: 0 | Failed: 1

------------------------------------------------------------------------
Test Suite: SignatureBuilderTest
------------------------------------------------------------------------
[ RUN      ] SignatureBuilderTest.IsRegexSafeDangerousPatterns
  [ RUN      ] SignatureBuilderTest.IsRegexSafeDangerousPatterns
[       OK ] SignatureBuilderTest.IsRegexSafeDangerousPatterns (0 ms)
  [       OK ] SignatureBuilderTest.IsRegexSafeDangerousPatterns (319 ?s)

Test Suite Complete: SignatureBuilderTest (0 ms)
  Tests: 75 | Passed: 1 | Failed: 0

------------------------------------------------------------------------
Test Suite: PathIndexTest
------------------------------------------------------------------------
[ RUN      ] PathIndexTest.SpecialPaths_DriveRoot
  [ RUN      ] PathIndexTest.SpecialPaths_DriveRoot
[       OK ] PathIndexTest.SpecialPaths_DriveRoot (0 ms)
  [       OK ] PathIndexTest.SpecialPaths_DriveRoot (561 ?s)

Test Suite Complete: PathIndexTest (0 ms)
  Tests: 108 | Passed: 1 | Failed: 0

[----------] Global test environment tear-down
[==========] 3 tests from 3 test suites ran. (302 ms total)
[  PASSED  ] 2 tests.
[  FAILED  ] 1 test, listed below:
[  FAILED  ] QuarantineDBTest.SearchByFileNameFindsMatches

 1 FAILED TEST
========================================================================
  TEST SUMMARY
========================================================================
  Total Tests:   3
  Passed:          2 (66.7%)
  Failed:          1 (33.3%)
========================================================================

? TESTS FAILED

