
========================================================================
  ShadowStrike CryptoUtils Test Runner
========================================================================


========================================================================
  ShadowStrike  Test Suite
========================================================================

Note: Google Test filter = PathIndexTest.SpecialPaths_DriveRoot
[==========] Running 1 test from 1 test suite.
Running 3798 tests from 1 test suites

[----------] Global test environment set-up.
------------------------------------------------------------------------
Test Suite: PathIndexTest
------------------------------------------------------------------------
[ RUN      ] PathIndexTest.SpecialPaths_DriveRoot
  [ RUN      ] PathIndexTest.SpecialPaths_DriveRoot
C:\ShadowStrike\ShadowStrike\tests\unit\database_systems\white_list\WhiteListPatternIndex_Tests.cpp(223): error: Value of: result.IsSuccess()
  Actual: false
Expected: true
Insert failed for path: C:\

    C:\ShadowStrike\ShadowStrike\tests\unit\database_systems\white_list\WhiteListPatternIndex_Tests.cpp:223
    Value of: result.IsSuccess()
  Actual: false
Expected: true
Insert failed for path: C:\

C:\ShadowStrike\ShadowStrike\tests\unit\database_systems\white_list\WhiteListPatternIndex_Tests.cpp(1134): error: Value of: index->Contains(L"C:\\", PathMatchMode::Exact)
  Actual: false
Expected: true

    C:\ShadowStrike\ShadowStrike\tests\unit\database_systems\white_list\WhiteListPatternIndex_Tests.cpp:1134
    Value of: index->Contains(L"C:\\", PathMatchMode::Exact)
  Actual: false
Expected: true

[  FAILED  ] PathIndexTest.SpecialPaths_DriveRoot (1 ms)
  [  FAILED  ] PathIndexTest.SpecialPaths_DriveRoot (1208 ?s)

Test Suite Complete: PathIndexTest (1 ms)
  Tests: 108 | Passed: 0 | Failed: 1

[----------] Global test environment tear-down
[==========] 1 test from 1 test suite ran. (1 ms total)
[  PASSED  ] 0 tests.
[  FAILED  ] 1 test, listed below:
[  FAILED  ] PathIndexTest.SpecialPaths_DriveRoot

 1 FAILED TEST
========================================================================
  TEST SUMMARY
========================================================================
  Total Tests:   1
  Passed:          0 (0.0%)
  Failed:          1 (100.0%)
========================================================================

? TESTS FAILED

